<?xml version="1.0" encoding="UTF-8"?>
<!-- Generated by org.testng.reporters.JUnitReportReporter -->
<testsuite hostname="MindSDET740" failures="0" tests="1" name="testPackage.MavenTest1" time="4.756" errors="0" timestamp="20 Dec 2021 09:21:52 GMT">
  <testcase classname="testPackage.MavenTest1" name="test" time="4.756"/>
</testsuite> <!-- testPackage.MavenTest1 -->
