<?xml version="1.0" encoding="UTF-8"?>
<!-- Generated by org.testng.reporters.JUnitReportReporter -->
<testsuite hostname="MindSDET740" name="MavenProject.MavenProject.AppTest" tests="1" failures="0" timestamp="20 Dec 2021 09:38:12 GMT" time="0.003" errors="0">
  <testcase name="shouldAnswerWithTrue" time="0.003" classname="MavenProject.MavenProject.AppTest"/>
</testsuite> <!-- MavenProject.MavenProject.AppTest -->
